#
# There is insufficient memory for the Java Runtime Environment to continue.
# Native memory allocation (malloc) failed to allocate 888816 bytes for Chunk::new
# Possible reasons:
#   The system is out of physical RAM or swap space
#   The process is running with CompressedOops enabled, and the Java Heap may be blocking the growth of the native heap
# Possible solutions:
#   Reduce memory load on the system
#   Increase physical memory or swap space
#   Check if swap backing store is full
#   Decrease Java heap size (-Xmx/-Xms)
#   Decrease number of Java threads
#   Decrease Java thread stack sizes (-Xss)
#   Set larger code cache with -XX:ReservedCodeCacheSize=
#   JVM is running with Zero Based Compressed Oops mode in which the Java heap is
#     placed in the first 32GB address space. The Java Heap base address is the
#     maximum limit for the native heap growth. Please use -XX:HeapBaseMinAddress
#     to set the Java Heap base and to place the Java Heap above 32GB virtual address.
# This output file may be truncated or incomplete.
#
#  Out of Memory Error (arena.cpp:189), pid=13788, tid=7184
#
# JRE version: Java(TM) SE Runtime Environment (17.0.6+9) (build 17.0.6+9-LTS-190)
# Java VM: Java HotSpot(TM) 64-Bit Server VM (17.0.6+9-LTS-190, mixed mode, sharing, tiered, compressed oops, compressed class ptrs, g1 gc, windows-amd64)
# No core dump will be written. Minidumps are not enabled by default on client versions of Windows
#

---------------  S U M M A R Y ------------

Command Line: -javaagent:C:\Program Files\JetBrains\IntelliJ IDEA Community Edition 2021.3.3\lib\idea_rt.jar=62132:C:\Program Files\JetBrains\IntelliJ IDEA Community Edition 2021.3.3\bin -Dfile.encoding=UTF-8 com.example.demo.DemoApplication

Host: Intel(R) Core(TM) i7-10700T CPU @ 2.00GHz, 16 cores, 15G,  Windows 10 , 64 bit Build 19041 (10.0.19041.3155)
Time: Tue Oct 31 17:21:04 2023 Hora oficial do Brasil elapsed time: 2.003573 seconds (0d 0h 0m 2s)

---------------  T H R E A D  ---------------

Current thread (0x0000026172b0b7b0):  JavaThread "C2 CompilerThread0" daemon [_thread_in_native, id=7184, stack(0x0000007fd1800000,0x0000007fd1900000)]


Current CompileTask:
C2:   2003 3130       4       org.springframework.core.ResolvableType::forType (115 bytes)

Stack: [0x0000007fd1800000,0x0000007fd1900000]
Native frames: (J=compiled Java code, j=interpreted, Vv=VM code, C=native code)
V  [jvm.dll+0x6734ea]
V  [jvm.dll+0x7d18f4]
V  [jvm.dll+0x7d309e]
V  [jvm.dll+0x7d3703]
V  [jvm.dll+0x2433c5]
V  [jvm.dll+0xaa46b]
V  [jvm.dll+0xaaa0c]
V  [jvm.dll+0x2a8b1f]
V  [jvm.dll+0x57bf85]
V  [jvm.dll+0x21e142]
V  [jvm.dll+0x2178ef]
V  [jvm.dll+0x215109]
V  [jvm.dll+0x1a1730]
V  [jvm.dll+0x224b6e]
V  [jvm.dll+0x222f15]
V  [jvm.dll+0x78753c]
V  [jvm.dll+0x781a7a]
V  [jvm.dll+0x672375]
C  [ucrtbase.dll+0x21bb2]
C  [KERNEL32.DLL+0x17614]
C  [ntdll.dll+0x526b1]


---------------  P R O C E S S  ---------------

Threads class SMR info:
_java_thread_list=0x0000026174864090, length=20, elements={
0x000002614f3515e0, 0x0000026172aecbb0, 0x0000026172aeda20, 0x0000026172b034e0,
0x0000026172b061c0, 0x0000026172b06b70, 0x0000026172b07520, 0x0000026172b0b7b0,
0x0000026172b0c250, 0x0000026172b17820, 0x0000026172ae0800, 0x0000026172c0df00,
0x0000026172c18700, 0x0000026172c192d0, 0x0000026172d84200, 0x000002617385d900,
0x0000026173feb360, 0x00000261739ef640, 0x00000261748d09c0, 0x0000026175f0f890
}

Java Threads: ( => current thread )
  0x000002614f3515e0 JavaThread "main" [_thread_in_vm, id=2900, stack(0x0000007fd0b00000,0x0000007fd0c00000)]
  0x0000026172aecbb0 JavaThread "Reference Handler" daemon [_thread_blocked, id=5360, stack(0x0000007fd1200000,0x0000007fd1300000)]
  0x0000026172aeda20 JavaThread "Finalizer" daemon [_thread_blocked, id=1780, stack(0x0000007fd1300000,0x0000007fd1400000)]
  0x0000026172b034e0 JavaThread "Signal Dispatcher" daemon [_thread_blocked, id=5548, stack(0x0000007fd1400000,0x0000007fd1500000)]
  0x0000026172b061c0 JavaThread "Attach Listener" daemon [_thread_blocked, id=7240, stack(0x0000007fd1500000,0x0000007fd1600000)]
  0x0000026172b06b70 JavaThread "Service Thread" daemon [_thread_blocked, id=6528, stack(0x0000007fd1600000,0x0000007fd1700000)]
  0x0000026172b07520 JavaThread "Monitor Deflation Thread" daemon [_thread_blocked, id=13084, stack(0x0000007fd1700000,0x0000007fd1800000)]
=>0x0000026172b0b7b0 JavaThread "C2 CompilerThread0" daemon [_thread_in_native, id=7184, stack(0x0000007fd1800000,0x0000007fd1900000)]
  0x0000026172b0c250 JavaThread "C1 CompilerThread0" daemon [_thread_blocked, id=10040, stack(0x0000007fd1900000,0x0000007fd1a00000)]
  0x0000026172b17820 JavaThread "Sweeper thread" daemon [_thread_blocked, id=2732, stack(0x0000007fd1a00000,0x0000007fd1b00000)]
  0x0000026172ae0800 JavaThread "Common-Cleaner" daemon [_thread_blocked, id=10652, stack(0x0000007fd1b00000,0x0000007fd1c00000)]
  0x0000026172c0df00 JavaThread "C1 CompilerThread1" daemon [_thread_blocked, id=7992, stack(0x0000007fd1c00000,0x0000007fd1d00000)]
  0x0000026172c18700 JavaThread "C1 CompilerThread2" daemon [_thread_blocked, id=11592, stack(0x0000007fd1d00000,0x0000007fd1e00000)]
  0x0000026172c192d0 JavaThread "C2 CompilerThread1" daemon [_thread_in_native, id=15264, stack(0x0000007fd1e00000,0x0000007fd1f00000)]
  0x0000026172d84200 JavaThread "Monitor Ctrl-Break" daemon [_thread_in_native, id=332, stack(0x0000007fd1f00000,0x0000007fd2000000)]
  0x000002617385d900 JavaThread "Notification Thread" daemon [_thread_blocked, id=8744, stack(0x0000007fd2000000,0x0000007fd2100000)]
  0x0000026173feb360 JavaThread "C2 CompilerThread2" daemon [_thread_in_native, id=9360, stack(0x0000007fd2200000,0x0000007fd2300000)]
  0x00000261739ef640 JavaThread "C1 CompilerThread3" daemon [_thread_blocked, id=2792, stack(0x0000007fd2900000,0x0000007fd2a00000)]
  0x00000261748d09c0 JavaThread "C2 CompilerThread3" daemon [_thread_in_native, id=14788, stack(0x0000007fd2800000,0x0000007fd2900000)]
  0x0000026175f0f890 JavaThread "C2 CompilerThread4" daemon [_thread_in_native, id=5812, stack(0x0000007fd2f00000,0x0000007fd3000000)]

Other Threads:
  0x0000026172aeafd0 VMThread "VM Thread" [stack: 0x0000007fd1100000,0x0000007fd1200000] [id=14752]
  0x00000261738097f0 WatcherThread [stack: 0x0000007fd2100000,0x0000007fd2200000] [id=13372]
  0x000002614f3b6010 GCTaskThread "GC Thread#0" [stack: 0x0000007fd0c00000,0x0000007fd0d00000] [id=1644]
  0x0000026173e27be0 GCTaskThread "GC Thread#1" [stack: 0x0000007fd2300000,0x0000007fd2400000] [id=8936]
  0x0000026174790c80 GCTaskThread "GC Thread#2" [stack: 0x0000007fd2400000,0x0000007fd2500000] [id=13552]
  0x0000026174e1a910 GCTaskThread "GC Thread#3" [stack: 0x0000007fd2500000,0x0000007fd2600000] [id=10564]
  0x0000026173deeec0 GCTaskThread "GC Thread#4" [stack: 0x0000007fd2600000,0x0000007fd2700000] [id=9924]
  0x0000026173d9c4a0 GCTaskThread "GC Thread#5" [stack: 0x0000007fd2700000,0x0000007fd2800000] [id=7120]
  0x0000026174c234c0 GCTaskThread "GC Thread#6" [stack: 0x0000007fd2a00000,0x0000007fd2b00000] [id=6744]
  0x0000026174c2e690 GCTaskThread "GC Thread#7" [stack: 0x0000007fd2b00000,0x0000007fd2c00000] [id=15268]
  0x0000026174c66c90 GCTaskThread "GC Thread#8" [stack: 0x0000007fd2c00000,0x0000007fd2d00000] [id=2492]
  0x0000026174c24390 GCTaskThread "GC Thread#9" [stack: 0x0000007fd2d00000,0x0000007fd2e00000] [id=12436]
  0x000002614f3c7b70 ConcurrentGCThread "G1 Main Marker" [stack: 0x0000007fd0d00000,0x0000007fd0e00000] [id=1672]
  0x000002614f3c8d20 ConcurrentGCThread "G1 Conc#0" [stack: 0x0000007fd0e00000,0x0000007fd0f00000] [id=5600]
  0x000002614f40ebe0 ConcurrentGCThread "G1 Refine#0" [stack: 0x0000007fd0f00000,0x0000007fd1000000] [id=8924]
  0x0000026172986800 ConcurrentGCThread "G1 Service" [stack: 0x0000007fd1000000,0x0000007fd1100000] [id=1496]

Threads with active compile tasks:
C2 CompilerThread0     2031 3130       4       org.springframework.core.ResolvableType::forType (115 bytes)
C2 CompilerThread1     2031 2900   !   4       jdk.internal.loader.BuiltinClassLoader::loadClassOrNull (143 bytes)
C2 CompilerThread2     2031 3178       4       java.lang.StringBuilder::append (8 bytes)
C2 CompilerThread3     2031 2999       4       java.lang.invoke.MethodType::makeImpl (109 bytes)
C2 CompilerThread4     2031 3174       4       org.springframework.core.ResolvableType::resolveClass (74 bytes)

VM state: not at safepoint (normal execution)

VM Mutex/Monitor currently owned by a thread: None

Heap address: 0x0000000703e00000, size: 4034 MB, Compressed Oops mode: Zero based, Oop shift amount: 3

CDS archive(s) mapped at: [0x0000000800000000-0x0000000800bd0000-0x0000000800bd0000), size 12386304, SharedBaseAddress: 0x0000000800000000, ArchiveRelocationMode: 0.
Compressed class space mapped at: 0x0000000800c00000-0x0000000840c00000, reserved size: 1073741824
Narrow klass base: 0x0000000800000000, Narrow klass shift: 0, Narrow klass range: 0x100000000

GC Precious Log:
 CPUs: 16 total, 16 available
 Memory: 16130M
 Large Page Support: Disabled
 NUMA Support: Disabled
 Compressed Oops: Enabled (Zero based)
 Heap Region Size: 2M
 Heap Min Capacity: 8M
 Heap Initial Capacity: 254M
 Heap Max Capacity: 4034M
 Pre-touch: Disabled
 Parallel Workers: 13
 Concurrent Workers: 3
 Concurrent Refinement Workers: 13
 Periodic GC: Disabled

Heap:
 garbage-first heap   total 260096K, used 57604K [0x0000000703e00000, 0x0000000800000000)
  region size 2048K, 27 young (55296K), 2 survivors (4096K)
 Metaspace       used 20585K, committed 20864K, reserved 1073152K
  class space    used 2555K, committed 2688K, reserved 1048576K

Heap Regions: E=young(eden), S=young(survivor), O=old, HS=humongous(starts), HC=humongous(continues), CS=collection set, F=free, OA=open archive, CA=closed archive, TAMS=top-at-mark-start (previous, next)
|   0|0x0000000703e00000, 0x0000000704000000, 0x0000000704000000|100%| O|  |TAMS 0x0000000703e00000, 0x0000000703e00000| Untracked 
|   1|0x0000000704000000, 0x0000000704200000, 0x0000000704200000|100%| O|  |TAMS 0x0000000704000000, 0x0000000704000000| Untracked 
|   2|0x0000000704200000, 0x00000007043fc200, 0x0000000704400000| 99%| O|  |TAMS 0x0000000704200000, 0x0000000704200000| Untracked 
|   3|0x0000000704400000, 0x0000000704400000, 0x0000000704600000|  0%| F|  |TAMS 0x0000000704400000, 0x0000000704400000| Untracked 
|   4|0x0000000704600000, 0x0000000704600000, 0x0000000704800000|  0%| F|  |TAMS 0x0000000704600000, 0x0000000704600000| Untracked 
|   5|0x0000000704800000, 0x0000000704800000, 0x0000000704a00000|  0%| F|  |TAMS 0x0000000704800000, 0x0000000704800000| Untracked 
|   6|0x0000000704a00000, 0x0000000704a00000, 0x0000000704c00000|  0%| F|  |TAMS 0x0000000704a00000, 0x0000000704a00000| Untracked 
|   7|0x0000000704c00000, 0x0000000704c00000, 0x0000000704e00000|  0%| F|  |TAMS 0x0000000704c00000, 0x0000000704c00000| Untracked 
|   8|0x0000000704e00000, 0x0000000704e00000, 0x0000000705000000|  0%| F|  |TAMS 0x0000000704e00000, 0x0000000704e00000| Untracked 
|   9|0x0000000705000000, 0x0000000705000000, 0x0000000705200000|  0%| F|  |TAMS 0x0000000705000000, 0x0000000705000000| Untracked 
|  10|0x0000000705200000, 0x0000000705200000, 0x0000000705400000|  0%| F|  |TAMS 0x0000000705200000, 0x0000000705200000| Untracked 
|  11|0x0000000705400000, 0x0000000705400000, 0x0000000705600000|  0%| F|  |TAMS 0x0000000705400000, 0x0000000705400000| Untracked 
|  12|0x0000000705600000, 0x0000000705600000, 0x0000000705800000|  0%| F|  |TAMS 0x0000000705600000, 0x0000000705600000| Untracked 
|  13|0x0000000705800000, 0x0000000705800000, 0x0000000705a00000|  0%| F|  |TAMS 0x0000000705800000, 0x0000000705800000| Untracked 
|  14|0x0000000705a00000, 0x0000000705a00000, 0x0000000705c00000|  0%| F|  |TAMS 0x0000000705a00000, 0x0000000705a00000| Untracked 
|  15|0x0000000705c00000, 0x0000000705c00000, 0x0000000705e00000|  0%| F|  |TAMS 0x0000000705c00000, 0x0000000705c00000| Untracked 
|  16|0x0000000705e00000, 0x0000000705e00000, 0x0000000706000000|  0%| F|  |TAMS 0x0000000705e00000, 0x0000000705e00000| Untracked 
|  17|0x0000000706000000, 0x0000000706000000, 0x0000000706200000|  0%| F|  |TAMS 0x0000000706000000, 0x0000000706000000| Untracked 
|  18|0x0000000706200000, 0x0000000706200000, 0x0000000706400000|  0%| F|  |TAMS 0x0000000706200000, 0x0000000706200000| Untracked 
|  19|0x0000000706400000, 0x0000000706400000, 0x0000000706600000|  0%| F|  |TAMS 0x0000000706400000, 0x0000000706400000| Untracked 
|  20|0x0000000706600000, 0x0000000706600000, 0x0000000706800000|  0%| F|  |TAMS 0x0000000706600000, 0x0000000706600000| Untracked 
|  21|0x0000000706800000, 0x0000000706800000, 0x0000000706a00000|  0%| F|  |TAMS 0x0000000706800000, 0x0000000706800000| Untracked 
|  22|0x0000000706a00000, 0x0000000706a00000, 0x0000000706c00000|  0%| F|  |TAMS 0x0000000706a00000, 0x0000000706a00000| Untracked 
|  23|0x0000000706c00000, 0x0000000706c00000, 0x0000000706e00000|  0%| F|  |TAMS 0x0000000706c00000, 0x0000000706c00000| Untracked 
|  24|0x0000000706e00000, 0x0000000706e00000, 0x0000000707000000|  0%| F|  |TAMS 0x0000000706e00000, 0x0000000706e00000| Untracked 
|  25|0x0000000707000000, 0x0000000707000000, 0x0000000707200000|  0%| F|  |TAMS 0x0000000707000000, 0x0000000707000000| Untracked 
|  26|0x0000000707200000, 0x0000000707200000, 0x0000000707400000|  0%| F|  |TAMS 0x0000000707200000, 0x0000000707200000| Untracked 
|  27|0x0000000707400000, 0x0000000707400000, 0x0000000707600000|  0%| F|  |TAMS 0x0000000707400000, 0x0000000707400000| Untracked 
|  28|0x0000000707600000, 0x0000000707600000, 0x0000000707800000|  0%| F|  |TAMS 0x0000000707600000, 0x0000000707600000| Untracked 
|  29|0x0000000707800000, 0x0000000707800000, 0x0000000707a00000|  0%| F|  |TAMS 0x0000000707800000, 0x0000000707800000| Untracked 
|  30|0x0000000707a00000, 0x0000000707a00000, 0x0000000707c00000|  0%| F|  |TAMS 0x0000000707a00000, 0x0000000707a00000| Untracked 
|  31|0x0000000707c00000, 0x0000000707c00000, 0x0000000707e00000|  0%| F|  |TAMS 0x0000000707c00000, 0x0000000707c00000| Untracked 
|  32|0x0000000707e00000, 0x0000000707e00000, 0x0000000708000000|  0%| F|  |TAMS 0x0000000707e00000, 0x0000000707e00000| Untracked 
|  33|0x0000000708000000, 0x0000000708000000, 0x0000000708200000|  0%| F|  |TAMS 0x0000000708000000, 0x0000000708000000| Untracked 
|  34|0x0000000708200000, 0x0000000708200000, 0x0000000708400000|  0%| F|  |TAMS 0x0000000708200000, 0x0000000708200000| Untracked 
|  35|0x0000000708400000, 0x0000000708400000, 0x0000000708600000|  0%| F|  |TAMS 0x0000000708400000, 0x0000000708400000| Untracked 
|  36|0x0000000708600000, 0x0000000708600000, 0x0000000708800000|  0%| F|  |TAMS 0x0000000708600000, 0x0000000708600000| Untracked 
|  37|0x0000000708800000, 0x0000000708800000, 0x0000000708a00000|  0%| F|  |TAMS 0x0000000708800000, 0x0000000708800000| Untracked 
|  38|0x0000000708a00000, 0x0000000708a00000, 0x0000000708c00000|  0%| F|  |TAMS 0x0000000708a00000, 0x0000000708a00000| Untracked 
|  39|0x0000000708c00000, 0x0000000708c00000, 0x0000000708e00000|  0%| F|  |TAMS 0x0000000708c00000, 0x0000000708c00000| Untracked 
|  40|0x0000000708e00000, 0x0000000708e00000, 0x0000000709000000|  0%| F|  |TAMS 0x0000000708e00000, 0x0000000708e00000| Untracked 
|  41|0x0000000709000000, 0x0000000709000000, 0x0000000709200000|  0%| F|  |TAMS 0x0000000709000000, 0x0000000709000000| Untracked 
|  42|0x0000000709200000, 0x0000000709200000, 0x0000000709400000|  0%| F|  |TAMS 0x0000000709200000, 0x0000000709200000| Untracked 
|  43|0x0000000709400000, 0x0000000709400000, 0x0000000709600000|  0%| F|  |TAMS 0x0000000709400000, 0x0000000709400000| Untracked 
|  44|0x0000000709600000, 0x0000000709600000, 0x0000000709800000|  0%| F|  |TAMS 0x0000000709600000, 0x0000000709600000| Untracked 
|  45|0x0000000709800000, 0x0000000709800000, 0x0000000709a00000|  0%| F|  |TAMS 0x0000000709800000, 0x0000000709800000| Untracked 
|  46|0x0000000709a00000, 0x0000000709a00000, 0x0000000709c00000|  0%| F|  |TAMS 0x0000000709a00000, 0x0000000709a00000| Untracked 
|  47|0x0000000709c00000, 0x0000000709c00000, 0x0000000709e00000|  0%| F|  |TAMS 0x0000000709c00000, 0x0000000709c00000| Untracked 
|  48|0x0000000709e00000, 0x0000000709e00000, 0x000000070a000000|  0%| F|  |TAMS 0x0000000709e00000, 0x0000000709e00000| Untracked 
|  49|0x000000070a000000, 0x000000070a000000, 0x000000070a200000|  0%| F|  |TAMS 0x000000070a000000, 0x000000070a000000| Untracked 
|  50|0x000000070a200000, 0x000000070a200000, 0x000000070a400000|  0%| F|  |TAMS 0x000000070a200000, 0x000000070a200000| Untracked 
|  51|0x000000070a400000, 0x000000070a400000, 0x000000070a600000|  0%| F|  |TAMS 0x000000070a400000, 0x000000070a400000| Untracked 
|  52|0x000000070a600000, 0x000000070a600000, 0x000000070a800000|  0%| F|  |TAMS 0x000000070a600000, 0x000000070a600000| Untracked 
|  53|0x000000070a800000, 0x000000070a800000, 0x000000070aa00000|  0%| F|  |TAMS 0x000000070a800000, 0x000000070a800000| Untracked 
|  54|0x000000070aa00000, 0x000000070aa00000, 0x000000070ac00000|  0%| F|  |TAMS 0x000000070aa00000, 0x000000070aa00000| Untracked 
|  55|0x000000070ac00000, 0x000000070ac00000, 0x000000070ae00000|  0%| F|  |TAMS 0x000000070ac00000, 0x000000070ac00000| Untracked 
|  56|0x000000070ae00000, 0x000000070ae00000, 0x000000070b000000|  0%| F|  |TAMS 0x000000070ae00000, 0x000000070ae00000| Untracked 
|  57|0x000000070b000000, 0x000000070b000000, 0x000000070b200000|  0%| F|  |TAMS 0x000000070b000000, 0x000000070b000000| Untracked 
|  58|0x000000070b200000, 0x000000070b200000, 0x000000070b400000|  0%| F|  |TAMS 0x000000070b200000, 0x000000070b200000| Untracked 
|  59|0x000000070b400000, 0x000000070b400000, 0x000000070b600000|  0%| F|  |TAMS 0x000000070b400000, 0x000000070b400000| Untracked 
|  60|0x000000070b600000, 0x000000070b600000, 0x000000070b800000|  0%| F|  |TAMS 0x000000070b600000, 0x000000070b600000| Untracked 
|  61|0x000000070b800000, 0x000000070b800000, 0x000000070ba00000|  0%| F|  |TAMS 0x000000070b800000, 0x000000070b800000| Untracked 
|  62|0x000000070ba00000, 0x000000070ba00000, 0x000000070bc00000|  0%| F|  |TAMS 0x000000070ba00000, 0x000000070ba00000| Untracked 
|  63|0x000000070bc00000, 0x000000070bc00000, 0x000000070be00000|  0%| F|  |TAMS 0x000000070bc00000, 0x000000070bc00000| Untracked 
|  64|0x000000070be00000, 0x000000070be00000, 0x000000070c000000|  0%| F|  |TAMS 0x000000070be00000, 0x000000070be00000| Untracked 
|  65|0x000000070c000000, 0x000000070c000000, 0x000000070c200000|  0%| F|  |TAMS 0x000000070c000000, 0x000000070c000000| Untracked 
|  66|0x000000070c200000, 0x000000070c200000, 0x000000070c400000|  0%| F|  |TAMS 0x000000070c200000, 0x000000070c200000| Untracked 
|  67|0x000000070c400000, 0x000000070c400000, 0x000000070c600000|  0%| F|  |TAMS 0x000000070c400000, 0x000000070c400000| Untracked 
|  68|0x000000070c600000, 0x000000070c600000, 0x000000070c800000|  0%| F|  |TAMS 0x000000070c600000, 0x000000070c600000| Untracked 
|  69|0x000000070c800000, 0x000000070c800000, 0x000000070ca00000|  0%| F|  |TAMS 0x000000070c800000, 0x000000070c800000| Untracked 
|  70|0x000000070ca00000, 0x000000070ca00000, 0x000000070cc00000|  0%| F|  |TAMS 0x000000070ca00000, 0x000000070ca00000| Untracked 
|  71|0x000000070cc00000, 0x000000070cc00000, 0x000000070ce00000|  0%| F|  |TAMS 0x000000070cc00000, 0x000000070cc00000| Untracked 
|  72|0x000000070ce00000, 0x000000070ce00000, 0x000000070d000000|  0%| F|  |TAMS 0x000000070ce00000, 0x000000070ce00000| Untracked 
|  73|0x000000070d000000, 0x000000070d000000, 0x000000070d200000|  0%| F|  |TAMS 0x000000070d000000, 0x000000070d000000| Untracked 
|  74|0x000000070d200000, 0x000000070d200000, 0x000000070d400000|  0%| F|  |TAMS 0x000000070d200000, 0x000000070d200000| Untracked 
|  75|0x000000070d400000, 0x000000070d400000, 0x000000070d600000|  0%| F|  |TAMS 0x000000070d400000, 0x000000070d400000| Untracked 
|  76|0x000000070d600000, 0x000000070d600000, 0x000000070d800000|  0%| F|  |TAMS 0x000000070d600000, 0x000000070d600000| Untracked 
|  77|0x000000070d800000, 0x000000070d800000, 0x000000070da00000|  0%| F|  |TAMS 0x000000070d800000, 0x000000070d800000| Untracked 
|  78|0x000000070da00000, 0x000000070da00000, 0x000000070dc00000|  0%| F|  |TAMS 0x000000070da00000, 0x000000070da00000| Untracked 
|  79|0x000000070dc00000, 0x000000070dc00000, 0x000000070de00000|  0%| F|  |TAMS 0x000000070dc00000, 0x000000070dc00000| Untracked 
|  80|0x000000070de00000, 0x000000070de00000, 0x000000070e000000|  0%| F|  |TAMS 0x000000070de00000, 0x000000070de00000| Untracked 
|  81|0x000000070e000000, 0x000000070e000000, 0x000000070e200000|  0%| F|  |TAMS 0x000000070e000000, 0x000000070e000000| Untracked 
|  82|0x000000070e200000, 0x000000070e200000, 0x000000070e400000|  0%| F|  |TAMS 0x000000070e200000, 0x000000070e200000| Untracked 
|  83|0x000000070e400000, 0x000000070e400000, 0x000000070e600000|  0%| F|  |TAMS 0x000000070e400000, 0x000000070e400000| Untracked 
|  84|0x000000070e600000, 0x000000070e600000, 0x000000070e800000|  0%| F|  |TAMS 0x000000070e600000, 0x000000070e600000| Untracked 
|  85|0x000000070e800000, 0x000000070e800000, 0x000000070ea00000|  0%| F|  |TAMS 0x000000070e800000, 0x000000070e800000| Untracked 
|  86|0x000000070ea00000, 0x000000070ea00000, 0x000000070ec00000|  0%| F|  |TAMS 0x000000070ea00000, 0x000000070ea00000| Untracked 
|  87|0x000000070ec00000, 0x000000070ec00000, 0x000000070ee00000|  0%| F|  |TAMS 0x000000070ec00000, 0x000000070ec00000| Untracked 
|  88|0x000000070ee00000, 0x000000070ee00000, 0x000000070f000000|  0%| F|  |TAMS 0x000000070ee00000, 0x000000070ee00000| Untracked 
|  89|0x000000070f000000, 0x000000070f000000, 0x000000070f200000|  0%| F|  |TAMS 0x000000070f000000, 0x000000070f000000| Untracked 
|  90|0x000000070f200000, 0x000000070f200000, 0x000000070f400000|  0%| F|  |TAMS 0x000000070f200000, 0x000000070f200000| Untracked 
|  91|0x000000070f400000, 0x000000070f400000, 0x000000070f600000|  0%| F|  |TAMS 0x000000070f400000, 0x000000070f400000| Untracked 
|  92|0x000000070f600000, 0x000000070f600000, 0x000000070f800000|  0%| F|  |TAMS 0x000000070f600000, 0x000000070f600000| Untracked 
|  93|0x000000070f800000, 0x000000070f800000, 0x000000070fa00000|  0%| F|  |TAMS 0x000000070f800000, 0x000000070f800000| Untracked 
|  94|0x000000070fa00000, 0x000000070fa00000, 0x000000070fc00000|  0%| F|  |TAMS 0x000000070fa00000, 0x000000070fa00000| Untracked 
|  95|0x000000070fc00000, 0x000000070fc00000, 0x000000070fe00000|  0%| F|  |TAMS 0x000000070fc00000, 0x000000070fc00000| Untracked 
|  96|0x000000070fe00000, 0x000000070fe00000, 0x0000000710000000|  0%| F|  |TAMS 0x000000070fe00000, 0x000000070fe00000| Untracked 
|  97|0x0000000710000000, 0x0000000710000000, 0x0000000710200000|  0%| F|  |TAMS 0x0000000710000000, 0x0000000710000000| Untracked 
|  98|0x0000000710200000, 0x0000000710200000, 0x0000000710400000|  0%| F|  |TAMS 0x0000000710200000, 0x0000000710200000| Untracked 
|  99|0x0000000710400000, 0x0000000710400000, 0x0000000710600000|  0%| F|  |TAMS 0x0000000710400000, 0x0000000710400000| Untracked 
| 100|0x0000000710600000, 0x0000000710800000, 0x0000000710800000|100%| E|  |TAMS 0x0000000710600000, 0x0000000710600000| Complete 
| 101|0x0000000710800000, 0x0000000710a00000, 0x0000000710a00000|100%| E|CS|TAMS 0x0000000710800000, 0x0000000710800000| Complete 
| 102|0x0000000710a00000, 0x0000000710c00000, 0x0000000710c00000|100%| E|CS|TAMS 0x0000000710a00000, 0x0000000710a00000| Complete 
| 103|0x0000000710c00000, 0x0000000710e00000, 0x0000000710e00000|100%| E|CS|TAMS 0x0000000710c00000, 0x0000000710c00000| Complete 
| 104|0x0000000710e00000, 0x0000000711000000, 0x0000000711000000|100%| E|CS|TAMS 0x0000000710e00000, 0x0000000710e00000| Complete 
| 105|0x0000000711000000, 0x0000000711200000, 0x0000000711200000|100%| E|CS|TAMS 0x0000000711000000, 0x0000000711000000| Complete 
| 106|0x0000000711200000, 0x0000000711400000, 0x0000000711400000|100%| E|CS|TAMS 0x0000000711200000, 0x0000000711200000| Complete 
| 107|0x0000000711400000, 0x0000000711600000, 0x0000000711600000|100%| E|CS|TAMS 0x0000000711400000, 0x0000000711400000| Complete 
| 108|0x0000000711600000, 0x0000000711800000, 0x0000000711800000|100%| E|CS|TAMS 0x0000000711600000, 0x0000000711600000| Complete 
| 109|0x0000000711800000, 0x0000000711845078, 0x0000000711a00000| 13%| S|CS|TAMS 0x0000000711800000, 0x0000000711800000| Complete 
| 110|0x0000000711a00000, 0x0000000711c00000, 0x0000000711c00000|100%| S|CS|TAMS 0x0000000711a00000, 0x0000000711a00000| Complete 
| 111|0x0000000711c00000, 0x0000000711e00000, 0x0000000711e00000|100%| E|CS|TAMS 0x0000000711c00000, 0x0000000711c00000| Complete 
| 112|0x0000000711e00000, 0x0000000712000000, 0x0000000712000000|100%| E|CS|TAMS 0x0000000711e00000, 0x0000000711e00000| Complete 
| 113|0x0000000712000000, 0x0000000712200000, 0x0000000712200000|100%| E|CS|TAMS 0x0000000712000000, 0x0000000712000000| Complete 
| 114|0x0000000712200000, 0x0000000712400000, 0x0000000712400000|100%| E|CS|TAMS 0x0000000712200000, 0x0000000712200000| Complete 
| 115|0x0000000712400000, 0x0000000712600000, 0x0000000712600000|100%| E|CS|TAMS 0x0000000712400000, 0x0000000712400000| Complete 
| 116|0x0000000712600000, 0x0000000712800000, 0x0000000712800000|100%| E|CS|TAMS 0x0000000712600000, 0x0000000712600000| Complete 
| 117|0x0000000712800000, 0x0000000712a00000, 0x0000000712a00000|100%| E|CS|TAMS 0x0000000712800000, 0x0000000712800000| Complete 
| 118|0x0000000712a00000, 0x0000000712c00000, 0x0000000712c00000|100%| E|CS|TAMS 0x0000000712a00000, 0x0000000712a00000| Complete 
| 119|0x0000000712c00000, 0x0000000712e00000, 0x0000000712e00000|100%| E|CS|TAMS 0x0000000712c00000, 0x0000000712c00000| Complete 
| 120|0x0000000712e00000, 0x0000000713000000, 0x0000000713000000|100%| E|CS|TAMS 0x0000000712e00000, 0x0000000712e00000| Complete 
| 121|0x0000000713000000, 0x0000000713200000, 0x0000000713200000|100%| E|CS|TAMS 0x0000000713000000, 0x0000000713000000| Complete 
| 122|0x0000000713200000, 0x0000000713400000, 0x0000000713400000|100%| E|CS|TAMS 0x0000000713200000, 0x0000000713200000| Complete 
| 123|0x0000000713400000, 0x0000000713600000, 0x0000000713600000|100%| E|CS|TAMS 0x0000000713400000, 0x0000000713400000| Complete 
| 124|0x0000000713600000, 0x0000000713800000, 0x0000000713800000|100%| E|CS|TAMS 0x0000000713600000, 0x0000000713600000| Complete 
| 125|0x0000000713800000, 0x0000000713a00000, 0x0000000713a00000|100%| E|CS|TAMS 0x0000000713800000, 0x0000000713800000| Complete 
| 126|0x0000000713a00000, 0x0000000713c00000, 0x0000000713c00000|100%| E|CS|TAMS 0x0000000713a00000, 0x0000000713a00000| Complete 

Card table byte_map: [0x0000026166c30000,0x0000026167420000] _byte_map_base: 0x0000026163411000

Marking Bits (Prev, Next): (CMBitMap*) 0x000002614f3b7630, (CMBitMap*) 0x000002614f3b7670
 Prev Bits: [0x0000026167c10000, 0x000002616bb18000)
 Next Bits: [0x000002616bb20000, 0x000002616fa28000)

Polling page: 0x000002614eb10000

Metaspace:

Usage:
  Non-class:     17.66 MB used.
      Class:      2.50 MB used.
       Both:     20.16 MB used.

Virtual space:
  Non-class space:       24.00 MB reserved,      17.81 MB ( 74%) committed,  3 nodes.
      Class space:        1.00 GB reserved,       2.62 MB ( <1%) committed,  1 nodes.
             Both:        1.02 GB reserved,      20.44 MB (  2%) committed. 

Chunk freelists:
   Non-Class:  1.53 MB
       Class:  1.32 MB
        Both:  2.84 MB

MaxMetaspaceSize: unlimited
CompressedClassSpaceSize: 1.00 GB
Initial GC threshold: 21.00 MB
Current GC threshold: 21.00 MB
CDS: on
MetaspaceReclaimPolicy: balanced
 - commit_granule_bytes: 65536.
 - commit_granule_words: 8192.
 - virtual_space_node_default_size: 1048576.
 - enlarge_chunks_in_place: 1.
 - new_chunks_are_fully_committed: 0.
 - uncommit_free_chunks: 1.
 - use_allocation_guard: 0.
 - handle_deallocations: 1.


Internal statistics:

num_allocs_failed_limit: 0.
num_arena_births: 338.
num_arena_deaths: 0.
num_vsnodes_births: 4.
num_vsnodes_deaths: 0.
num_space_committed: 327.
num_space_uncommitted: 0.
num_chunks_returned_to_freelist: 0.
num_chunks_taken_from_freelist: 1065.
num_chunk_merges: 0.
num_chunk_splits: 733.
num_chunks_enlarged: 562.
num_purges: 0.
num_inconsistent_stats: 0.

CodeHeap 'non-profiled nmethods': size=119168Kb used=1543Kb max_used=1543Kb free=117624Kb
 bounds [0x000002615e760000, 0x000002615e9d0000, 0x0000026165bc0000]
CodeHeap 'profiled nmethods': size=119104Kb used=6797Kb max_used=6797Kb free=112307Kb
 bounds [0x0000026156bc0000, 0x0000026157270000, 0x000002615e010000]
CodeHeap 'non-nmethods': size=7488Kb used=2891Kb max_used=2973Kb free=4597Kb
 bounds [0x000002615e010000, 0x000002615e300000, 0x000002615e760000]
 total_blobs=3717 nmethods=3215 adapters=411
 compilation: enabled
              stopped_count=0, restarted_count=0
 full_count=0

Compilation events (20 events):
Event: 1.974 Thread 0x0000026172c18700 3168       3       org.springframework.core.annotation.AnnotationsScanner::processClass (93 bytes)
Event: 1.974 Thread 0x0000026175f0f890 nmethod 3140 0x000002615e8cb790 code [0x000002615e8cba60, 0x000002615e8cd1b8]
Event: 1.975 Thread 0x0000026175f0f890 3167       4       org.springframework.util.ConcurrentReferenceHashMap$Segment::getIndex (7 bytes)
Event: 1.975 Thread 0x0000026172c18700 nmethod 3168 0x000002615724bc90 code [0x000002615724bea0, 0x000002615724c2a8]
Event: 1.975 Thread 0x0000026175f0f890 nmethod 3167 0x000002615e8cde90 code [0x000002615e8ce000, 0x000002615e8ce098]
Event: 1.976 Thread 0x0000026172b0c250 3169       1       org.springframework.core.type.StandardClassMetadata::getIntrospectedClass (5 bytes)
Event: 1.976 Thread 0x0000026172b0c250 nmethod 3169 0x000002615e8ce190 code [0x000002615e8ce320, 0x000002615e8ce3f8]
Event: 1.976 Thread 0x0000026172b0c250 3170       3       org.springframework.core.type.StandardAnnotationMetadata::isAnnotatedMethod (29 bytes)
Event: 1.976 Thread 0x00000261739ef640 3171   !   3       jdk.proxy2.$Proxy31::annotationType (29 bytes)
Event: 1.977 Thread 0x00000261739ef640 nmethod 3171 0x000002615724c410 code [0x000002615724c5e0, 0x000002615724c9d8]
Event: 1.977 Thread 0x0000026172b0c250 nmethod 3170 0x000002615724cb90 code [0x000002615724cde0, 0x000002615724d808]
Event: 1.977 Thread 0x0000026172b0c250 3172       3       org.springframework.beans.factory.support.AbstractBeanFactory::isTypeMatch (619 bytes)
Event: 1.977 Thread 0x0000026172c0df00 3173   !   3       org.springframework.beans.factory.support.AbstractBeanFactory::getMergedBeanDefinition (332 bytes)
Event: 1.978 Thread 0x0000026175f0f890 3174       4       org.springframework.core.ResolvableType::resolveClass (74 bytes)
Event: 1.978 Thread 0x0000026172c18700 3175       3       org.springframework.core.ResolvableType::isInstance (21 bytes)
Event: 1.979 Thread 0x0000026172c18700 nmethod 3175 0x000002615724db90 code [0x000002615724dd40, 0x000002615724dfc8]
Event: 1.979 Thread 0x00000261739ef640 3177       3       java.util.LinkedHashSet::<init> (9 bytes)
Event: 1.979 Thread 0x00000261739ef640 nmethod 3177 0x000002615724e090 code [0x000002615724e260, 0x000002615724e3a8]
Event: 1.980 Thread 0x0000026172c0df00 nmethod 3173 0x000002615724e490 code [0x000002615724e8e0, 0x00000261572512b8]
Event: 1.981 Thread 0x0000026172b0c250 nmethod 3172 0x0000026157252510 code [0x0000026157252bc0, 0x0000026157257dc8]

GC Heap History (4 events):
Event: 0.665 GC heap before
{Heap before GC invocations=0 (full 0):
 garbage-first heap   total 260096K, used 20480K [0x0000000703e00000, 0x0000000800000000)
  region size 2048K, 11 young (22528K), 0 survivors (0K)
 Metaspace       used 5846K, committed 6080K, reserved 1056768K
  class space    used 676K, committed 832K, reserved 1048576K
}
Event: 0.670 GC heap after
{Heap after GC invocations=1 (full 0):
 garbage-first heap   total 260096K, used 6635K [0x0000000703e00000, 0x0000000800000000)
  region size 2048K, 2 young (4096K), 2 survivors (4096K)
 Metaspace       used 5846K, committed 6080K, reserved 1056768K
  class space    used 676K, committed 832K, reserved 1048576K
}
Event: 1.108 GC heap before
{Heap before GC invocations=1 (full 0):
 garbage-first heap   total 260096K, used 35307K [0x0000000703e00000, 0x0000000800000000)
  region size 2048K, 16 young (32768K), 2 survivors (4096K)
 Metaspace       used 13010K, committed 13248K, reserved 1064960K
  class space    used 1564K, committed 1664K, reserved 1048576K
}
Event: 1.113 GC heap after
{Heap after GC invocations=2 (full 0):
 garbage-first heap   total 260096K, used 8452K [0x0000000703e00000, 0x0000000800000000)
  region size 2048K, 2 young (4096K), 2 survivors (4096K)
 Metaspace       used 13010K, committed 13248K, reserved 1064960K
  class space    used 1564K, committed 1664K, reserved 1048576K
}

Deoptimization events (20 events):
Event: 1.644 Thread 0x000002614f3515e0 Uncommon trap: trap_request=0xffffffc6 fr.pc=0x000002615e87f62c relative=0x00000000000010ac
Event: 1.644 Thread 0x000002614f3515e0 Uncommon trap: reason=bimorphic_or_optimized_type_check action=maybe_recompile pc=0x000002615e87f62c method=java.util.HashMap.putVal(ILjava/lang/Object;Ljava/lang/Object;ZZ)Ljava/lang/Object; @ 203 c2
Event: 1.644 Thread 0x000002614f3515e0 DEOPT PACKING pc=0x000002615e87f62c sp=0x0000007fd0bfec90
Event: 1.644 Thread 0x000002614f3515e0 DEOPT UNPACKING pc=0x000002615e0623a3 sp=0x0000007fd0bfec50 mode 2
Event: 1.763 Thread 0x000002614f3515e0 Uncommon trap: trap_request=0xffffff45 fr.pc=0x000002615e89e3e0 relative=0x0000000000000220
Event: 1.763 Thread 0x000002614f3515e0 Uncommon trap: reason=unstable_if action=reinterpret pc=0x000002615e89e3e0 method=org.springframework.beans.factory.support.AbstractBeanFactory.isFactoryBean(Ljava/lang/String;Lorg/springframework/beans/factory/support/RootBeanDefinition;)Z @ 40 c2
Event: 1.763 Thread 0x000002614f3515e0 DEOPT PACKING pc=0x000002615e89e3e0 sp=0x0000007fd0bfe9a0
Event: 1.763 Thread 0x000002614f3515e0 DEOPT UNPACKING pc=0x000002615e0623a3 sp=0x0000007fd0bfe960 mode 2
Event: 1.779 Thread 0x000002614f3515e0 Uncommon trap: trap_request=0xffffff45 fr.pc=0x000002615e8333b4 relative=0x0000000000006214
Event: 1.779 Thread 0x000002614f3515e0 Uncommon trap: reason=unstable_if action=reinterpret pc=0x000002615e8333b4 method=jdk.internal.org.objectweb.asm.SymbolTable.addType(Ljava/lang/String;)I @ 33 c2
Event: 1.779 Thread 0x000002614f3515e0 DEOPT PACKING pc=0x000002615e8333b4 sp=0x0000007fd0bfdce0
Event: 1.779 Thread 0x000002614f3515e0 DEOPT UNPACKING pc=0x000002615e0623a3 sp=0x0000007fd0bfdc08 mode 2
Event: 1.805 Thread 0x000002614f3515e0 Uncommon trap: trap_request=0xffffff45 fr.pc=0x000002615e89796c relative=0x000000000000060c
Event: 1.805 Thread 0x000002614f3515e0 Uncommon trap: reason=unstable_if action=reinterpret pc=0x000002615e89796c method=org.springframework.beans.factory.support.AbstractBeanFactory.getMergedLocalBeanDefinition(Ljava/lang/String;)Lorg/springframework/beans/factory/support/RootBeanDefinition; 
Event: 1.805 Thread 0x000002614f3515e0 DEOPT PACKING pc=0x000002615e89796c sp=0x0000007fd0bfe7c0
Event: 1.805 Thread 0x000002614f3515e0 DEOPT UNPACKING pc=0x000002615e0623a3 sp=0x0000007fd0bfe778 mode 2
Event: 1.977 Thread 0x000002614f3515e0 Uncommon trap: trap_request=0xffffff45 fr.pc=0x000002615e8bd95c relative=0x000000000000369c
Event: 1.977 Thread 0x000002614f3515e0 Uncommon trap: reason=unstable_if action=reinterpret pc=0x000002615e8bd95c method=org.springframework.beans.factory.support.AbstractBeanFactory.isTypeMatch(Ljava/lang/String;Lorg/springframework/core/ResolvableType;Z)Z @ 104 c2
Event: 1.977 Thread 0x000002614f3515e0 DEOPT PACKING pc=0x000002615e8bd95c sp=0x0000007fd0bff100
Event: 1.977 Thread 0x000002614f3515e0 DEOPT UNPACKING pc=0x000002615e0623a3 sp=0x0000007fd0bff0b8 mode 2

Classes unloaded (0 events):
No events

Classes redefined (0 events):
No events

Internal exceptions (20 events):
Event: 0.850 Thread 0x000002614f3515e0 Exception <a 'java/lang/NoSuchMethodError'{0x000000071352cb40}: 'java.lang.Object java.lang.invoke.DirectMethodHandle$Holder.invokeStaticInit(java.lang.Object, java.lang.Object, long, java.lang.Object)'> (0x000000071352cb40) 
thrown [s\open\src\hotspot\share\interpreter\linkResolver.cpp, line 759]
Event: 0.850 Thread 0x000002614f3515e0 Exception <a 'java/lang/NoSuchMethodError'{0x0000000713533280}: 'java.lang.Object java.lang.invoke.DirectMethodHandle$Holder.newInvokeSpecial(java.lang.Object, java.lang.Object, long)'> (0x0000000713533280) 
thrown [s\open\src\hotspot\share\interpreter\linkResolver.cpp, line 759]
Event: 0.850 Thread 0x000002614f3515e0 Exception <a 'java/lang/NoSuchMethodError'{0x0000000713536df0}: 'java.lang.Object java.lang.invoke.Invokers$Holder.linkToTargetMethod(java.lang.Object, long, java.lang.Object)'> (0x0000000713536df0) 
thrown [s\open\src\hotspot\share\interpreter\linkResolver.cpp, line 759]
Event: 0.862 Thread 0x000002614f3515e0 Exception <a 'java/lang/NoSuchMethodError'{0x0000000713582358}: 'void java.lang.invoke.DirectMethodHandle$Holder.invokeVirtual(java.lang.Object, java.lang.Object, java.lang.Object, java.lang.Object)'> (0x0000000713582358) 
thrown [s\open\src\hotspot\share\interpreter\linkResolver.cpp, line 759]
Event: 0.899 Thread 0x000002614f3515e0 Exception <a 'java/lang/NoSuchMethodError'{0x00000007132dff40}: 'void java.lang.invoke.DirectMethodHandle$Holder.invokeSpecial(java.lang.Object, java.lang.Object, java.lang.Object)'> (0x00000007132dff40) 
thrown [s\open\src\hotspot\share\interpreter\linkResolver.cpp, line 759]
Event: 0.900 Thread 0x000002614f3515e0 Exception <a 'java/lang/NoSuchMethodError'{0x00000007132e6518}: 'void java.lang.invoke.DirectMethodHandle$Holder.invokeSpecial(java.lang.Object, java.lang.Object, java.lang.Object, java.lang.Object, java.lang.Object)'> (0x00000007132e6518) 
thrown [s\open\src\hotspot\share\interpreter\linkResolver.cpp, line 759]
Event: 0.906 Thread 0x00000261742e5ea0 Exception <a 'java/lang/NoClassDefFoundError'{0x0000000713326878}: jakarta/validation/Validation> (0x0000000713326878) 
thrown [s\open\src\hotspot\share\classfile\systemDictionary.cpp, line 245]
Event: 0.907 Thread 0x000002614f3515e0 Exception <a 'java/lang/IncompatibleClassChangeError'{0x00000007133370c8}: Found class java.lang.Object, but interface was expected> (0x00000007133370c8) 
thrown [s\open\src\hotspot\share\interpreter\linkResolver.cpp, line 826]
Event: 1.166 Thread 0x000002614f3515e0 Exception <a 'sun/nio/fs/WindowsException'{0x00000007136dc2c8}> (0x00000007136dc2c8) 
thrown [s\open\src\hotspot\share\prims\jni.cpp, line 516]
Event: 1.168 Thread 0x000002614f3515e0 Exception <a 'java/lang/NoSuchMethodError'{0x00000007136ddb78}: 'int java.lang.invoke.DirectMethodHandle$Holder.invokeSpecial(java.lang.Object, java.lang.Object, java.lang.Object, java.lang.Object, java.lang.Object)'> (0x00000007136ddb78) 
thrown [s\open\src\hotspot\share\interpreter\linkResolver.cpp, line 759]
Event: 1.170 Thread 0x000002614f3515e0 Exception <a 'java/lang/NoSuchMethodError'{0x00000007136e6888}: 'void java.lang.invoke.DirectMethodHandle$Holder.invokeVirtual(java.lang.Object, java.lang.Object)'> (0x00000007136e6888) 
thrown [s\open\src\hotspot\share\interpreter\linkResolver.cpp, line 759]
Event: 1.193 Thread 0x00000261742e5ea0 Exception <a 'java/lang/NoSuchMethodError'{0x00000007132392a0}: 'long java.lang.invoke.DirectMethodHandle$Holder.invokeSpecial(java.lang.Object, java.lang.Object)'> (0x00000007132392a0) 
thrown [s\open\src\hotspot\share\interpreter\linkResolver.cpp, line 759]
Event: 1.195 Thread 0x00000261742e5ea0 Exception <a 'java/lang/NoSuchMethodError'{0x00000007132444c8}: 'long java.lang.invoke.DirectMethodHandle$Holder.invokeStatic(java.lang.Object, java.lang.Object)'> (0x00000007132444c8) 
thrown [s\open\src\hotspot\share\interpreter\linkResolver.cpp, line 759]
Event: 1.195 Thread 0x00000261742e5ea0 Exception <a 'java/lang/NoSuchMethodError'{0x0000000713247ac8}: 'long java.lang.invoke.DirectMethodHandle$Holder.invokeStaticInit(java.lang.Object, java.lang.Object)'> (0x0000000713247ac8) 
thrown [s\open\src\hotspot\share\interpreter\linkResolver.cpp, line 759]
Event: 1.197 Thread 0x00000261742e5ea0 Exception <a 'java/lang/NoSuchMethodError'{0x0000000713255670}: 'long java.lang.invoke.DirectMethodHandle$Holder.invokeInterface(java.lang.Object, java.lang.Object)'> (0x0000000713255670) 
thrown [s\open\src\hotspot\share\interpreter\linkResolver.cpp, line 759]
Event: 1.197 Thread 0x00000261742e5ea0 Exception <a 'java/lang/IncompatibleClassChangeError'{0x0000000713258c00}: Found class java.lang.Object, but interface was expected> (0x0000000713258c00) 
thrown [s\open\src\hotspot\share\interpreter\linkResolver.cpp, line 826]
Event: 1.212 Thread 0x00000261742e5ea0 Exception <a 'java/lang/NoSuchMethodError'{0x0000000713027870}: 'java.lang.Object java.lang.invoke.DirectMethodHandle$Holder.invokeVirtual(java.lang.Object, java.lang.Object, java.lang.Object, java.lang.Object)'> (0x0000000713027870) 
thrown [s\open\src\hotspot\share\interpreter\linkResolver.cpp, line 759]
Event: 1.319 Thread 0x000002614f3515e0 Exception <a 'java/lang/IncompatibleClassChangeError'{0x0000000712a8dd60}: Found class java.lang.Object, but interface was expected> (0x0000000712a8dd60) 
thrown [s\open\src\hotspot\share\interpreter\linkResolver.cpp, line 826]
Event: 1.816 Thread 0x000002614f3515e0 Exception <a 'sun/nio/fs/WindowsException'{0x0000000710e381e8}> (0x0000000710e381e8) 
thrown [s\open\src\hotspot\share\prims\jni.cpp, line 516]
Event: 1.860 Thread 0x000002614f3515e0 Exception <a 'sun/nio/fs/WindowsException'{0x0000000710fb72e0}> (0x0000000710fb72e0) 
thrown [s\open\src\hotspot\share\prims\jni.cpp, line 516]

VM Operations (20 events):
Event: 1.140 Executing VM operation: HandshakeAllThreads
Event: 1.140 Executing VM operation: HandshakeAllThreads done
Event: 1.152 Executing VM operation: HandshakeAllThreads
Event: 1.152 Executing VM operation: HandshakeAllThreads done
Event: 1.475 Executing VM operation: ICBufferFull
Event: 1.475 Executing VM operation: ICBufferFull done
Event: 1.694 Executing VM operation: ICBufferFull
Event: 1.694 Executing VM operation: ICBufferFull done
Event: 1.802 Executing VM operation: HandshakeAllThreads
Event: 1.802 Executing VM operation: HandshakeAllThreads done
Event: 1.803 Executing VM operation: HandshakeAllThreads
Event: 1.803 Executing VM operation: HandshakeAllThreads done
Event: 1.808 Executing VM operation: HandshakeAllThreads
Event: 1.808 Executing VM operation: HandshakeAllThreads done
Event: 1.809 Executing VM operation: HandshakeAllThreads
Event: 1.809 Executing VM operation: HandshakeAllThreads done
Event: 1.810 Executing VM operation: HandshakeAllThreads
Event: 1.810 Executing VM operation: HandshakeAllThreads done
Event: 1.877 Executing VM operation: HandshakeAllThreads
Event: 1.877 Executing VM operation: HandshakeAllThreads done

Events (20 events):
Event: 1.807 loading class java/util/Collections$UnmodifiableMap$UnmodifiableEntrySet
Event: 1.807 loading class java/util/Collections$UnmodifiableMap$UnmodifiableEntrySet done
Event: 1.808 loading class java/util/Collections$UnmodifiableMap$UnmodifiableEntrySet$1
Event: 1.808 loading class java/util/Collections$UnmodifiableMap$UnmodifiableEntrySet$1 done
Event: 1.808 loading class java/util/Collections$UnmodifiableMap$UnmodifiableEntrySet$UnmodifiableEntry
Event: 1.808 loading class java/util/Collections$UnmodifiableMap$UnmodifiableEntrySet$UnmodifiableEntry done
Event: 1.847 loading class java/util/stream/Streams$ConcatSpliterator$OfRef
Event: 1.847 loading class java/util/stream/Streams$ConcatSpliterator
Event: 1.847 loading class java/util/stream/Streams$ConcatSpliterator done
Event: 1.847 loading class java/util/stream/Streams$ConcatSpliterator$OfRef done
Event: 1.847 loading class java/util/stream/Streams$2
Event: 1.847 loading class java/util/stream/Streams$2 done
Event: 1.872 loading class java/util/stream/ReferencePipeline$15
Event: 1.872 loading class java/util/stream/ReferencePipeline$15 done
Event: 1.873 loading class java/util/stream/ReferencePipeline$15$1
Event: 1.873 loading class java/util/stream/ReferencePipeline$15$1 done
Event: 1.885 loading class sun/reflect/generics/tree/BooleanSignature
Event: 1.885 loading class sun/reflect/generics/tree/BooleanSignature done
Event: 1.969 loading class java/net/SocketException
Event: 1.969 loading class java/net/SocketException done


Dynamic libraries:
0x00007ff638540000 - 0x00007ff638550000 	C:\Program Files\Java\jdk-17\bin\java.exe
0x00007ff902350000 - 0x00007ff902548000 	C:\Windows\SYSTEM32\ntdll.dll
0x00007ff9014c0000 - 0x00007ff90157f000 	C:\Windows\System32\KERNEL32.DLL
0x00007ff8ffce0000 - 0x00007ff8fffd6000 	C:\Windows\System32\KERNELBASE.dll
0x00007ff8fd220000 - 0x00007ff8fd2b1000 	C:\Windows\SYSTEM32\apphelp.dll
0x00007ff8ffb40000 - 0x00007ff8ffc40000 	C:\Windows\System32\ucrtbase.dll
0x00007ff8f78f0000 - 0x00007ff8f7908000 	C:\Program Files\Java\jdk-17\bin\jli.dll
0x00007ff8fa300000 - 0x00007ff8fa31b000 	C:\Program Files\Java\jdk-17\bin\VCRUNTIME140.dll
0x00007ff901250000 - 0x00007ff9012ff000 	C:\Windows\System32\ADVAPI32.dll
0x00007ff902270000 - 0x00007ff90230e000 	C:\Windows\System32\msvcrt.dll
0x00007ff901300000 - 0x00007ff90139c000 	C:\Windows\System32\sechost.dll
0x00007ff901580000 - 0x00007ff9016a6000 	C:\Windows\System32\RPCRT4.dll
0x00007ff9003b0000 - 0x00007ff90054d000 	C:\Windows\System32\USER32.dll
0x00007ff900220000 - 0x00007ff900242000 	C:\Windows\System32\win32u.dll
0x00007ff8e3e10000 - 0x00007ff8e40aa000 	C:\Windows\WinSxS\amd64_microsoft.windows.common-controls_6595b64144ccf1df_6.0.19041.1110_none_60b5254171f9507e\COMCTL32.dll
0x00007ff9021c0000 - 0x00007ff9021ec000 	C:\Windows\System32\GDI32.dll
0x00007ff900100000 - 0x00007ff900215000 	C:\Windows\System32\gdi32full.dll
0x00007ff8ffc40000 - 0x00007ff8ffcdd000 	C:\Windows\System32\msvcp_win.dll
0x00007ff8fa2e0000 - 0x00007ff8fa2ea000 	C:\Windows\SYSTEM32\VERSION.dll
0x00007ff901130000 - 0x00007ff901160000 	C:\Windows\System32\IMM32.DLL
0x00007ff8fafe0000 - 0x00007ff8fafec000 	C:\Program Files\Java\jdk-17\bin\vcruntime140_1.dll
0x00007ff8dde50000 - 0x00007ff8ddede000 	C:\Program Files\Java\jdk-17\bin\msvcp140.dll
0x00007ff891450000 - 0x00007ff892027000 	C:\Program Files\Java\jdk-17\bin\server\jvm.dll
0x00007ff9014b0000 - 0x00007ff9014b8000 	C:\Windows\System32\PSAPI.DLL
0x00007ff8efc10000 - 0x00007ff8efc19000 	C:\Windows\SYSTEM32\WSOCK32.dll
0x00007ff8edfa0000 - 0x00007ff8edfc7000 	C:\Windows\SYSTEM32\WINMM.dll
0x00007ff9011e0000 - 0x00007ff90124b000 	C:\Windows\System32\WS2_32.dll
0x00007ff8fd8f0000 - 0x00007ff8fd902000 	C:\Windows\SYSTEM32\kernel.appcore.dll
0x00007ff8f6660000 - 0x00007ff8f666a000 	C:\Program Files\Java\jdk-17\bin\jimage.dll
0x00007ff8e3b40000 - 0x00007ff8e3d24000 	C:\Windows\SYSTEM32\DBGHELP.DLL
0x00007ff8e1ae0000 - 0x00007ff8e1b14000 	C:\Windows\SYSTEM32\dbgcore.DLL
0x00007ff8ffa60000 - 0x00007ff8ffae2000 	C:\Windows\System32\bcryptPrimitives.dll
0x00007ff8fb6a0000 - 0x00007ff8fb6ae000 	C:\Program Files\Java\jdk-17\bin\instrument.dll
0x00007ff8eeb70000 - 0x00007ff8eeb95000 	C:\Program Files\Java\jdk-17\bin\java.dll
0x00007ff8dd9f0000 - 0x00007ff8ddac7000 	C:\Program Files\Java\jdk-17\bin\jsvml.dll
0x00007ff900840000 - 0x00007ff900f84000 	C:\Windows\System32\SHELL32.dll
0x00007ff8fdaf0000 - 0x00007ff8fe283000 	C:\Windows\SYSTEM32\windows.storage.dll
0x00007ff9018c0000 - 0x00007ff901c14000 	C:\Windows\System32\combase.dll
0x00007ff8ff400000 - 0x00007ff8ff42e000 	C:\Windows\SYSTEM32\Wldp.dll
0x00007ff900fa0000 - 0x00007ff90104d000 	C:\Windows\System32\SHCORE.dll
0x00007ff9021f0000 - 0x00007ff902245000 	C:\Windows\System32\shlwapi.dll
0x00007ff8ff960000 - 0x00007ff8ff985000 	C:\Windows\SYSTEM32\profapi.dll
0x00007ff8e5390000 - 0x00007ff8e53a8000 	C:\Program Files\Java\jdk-17\bin\zip.dll
0x00007ff8f6640000 - 0x00007ff8f6659000 	C:\Program Files\Java\jdk-17\bin\net.dll
0x00007ff8fa1d0000 - 0x00007ff8fa2da000 	C:\Windows\SYSTEM32\WINHTTP.dll
0x00007ff8ff100000 - 0x00007ff8ff16a000 	C:\Windows\system32\mswsock.dll
0x00007ff8f0840000 - 0x00007ff8f0856000 	C:\Program Files\Java\jdk-17\bin\nio.dll
0x00007ff8fb680000 - 0x00007ff8fb69a000 	C:\Program Files\JetBrains\IntelliJ IDEA Community Edition 2021.3.3\bin\breakgen64.dll

dbghelp: loaded successfully - version: 4.0.5 - missing functions: none
symbol engine: initialized successfully - sym options: 0x614 - pdb path: .;C:\Program Files\Java\jdk-17\bin;C:\Windows\SYSTEM32;C:\Windows\WinSxS\amd64_microsoft.windows.common-controls_6595b64144ccf1df_6.0.19041.1110_none_60b5254171f9507e;C:\Program Files\Java\jdk-17\bin\server;C:\Program Files\JetBrains\IntelliJ IDEA Community Edition 2021.3.3\bin

VM Arguments:
jvm_args: -javaagent:C:\Program Files\JetBrains\IntelliJ IDEA Community Edition 2021.3.3\lib\idea_rt.jar=62132:C:\Program Files\JetBrains\IntelliJ IDEA Community Edition 2021.3.3\bin -Dfile.encoding=UTF-8 
java_command: com.example.demo.DemoApplication
java_class_path (initial): C:\Users\Aluno\Desktop\Nova pasta\hakathon\target\classes;C:\Users\Aluno\.m2\repository\org\postgresql\postgresql\42.6.0\postgresql-42.6.0.jar;C:\Users\Aluno\.m2\repository\org\checkerframework\checker-qual\3.31.0\checker-qual-3.31.0.jar;C:\Users\Aluno\.m2\repository\org\springframework\boot\spring-boot-starter-data-jpa\3.1.5\spring-boot-starter-data-jpa-3.1.5.jar;C:\Users\Aluno\.m2\repository\org\springframework\boot\spring-boot-starter-aop\3.1.5\spring-boot-starter-aop-3.1.5.jar;C:\Users\Aluno\.m2\repository\org\springframework\spring-aop\6.0.13\spring-aop-6.0.13.jar;C:\Users\Aluno\.m2\repository\org\aspectj\aspectjweaver\1.9.20\aspectjweaver-1.9.20.jar;C:\Users\Aluno\.m2\repository\org\springframework\boot\spring-boot-starter-jdbc\3.1.5\spring-boot-starter-jdbc-3.1.5.jar;C:\Users\Aluno\.m2\repository\com\zaxxer\HikariCP\5.0.1\HikariCP-5.0.1.jar;C:\Users\Aluno\.m2\repository\org\springframework\spring-jdbc\6.0.13\spring-jdbc-6.0.13.jar;C:\Users\Aluno\.m2\repository\org\hibernate\orm\hibernate-core\6.2.13.Final\hibernate-core-6.2.13.Final.jar;C:\Users\Aluno\.m2\repository\jakarta\persistence\jakarta.persistence-api\3.1.0\jakarta.persistence-api-3.1.0.jar;C:\Users\Aluno\.m2\repository\jakarta\transaction\jakarta.transaction-api\2.0.1\jakarta.transaction-api-2.0.1.jar;C:\Users\Aluno\.m2\repository\org\jboss\logging\jboss-logging\3.5.3.Final\jboss-logging-3.5.3.Final.jar;C:\Users\Aluno\.m2\repository\org\hibernate\common\hibernate-commons-annotations\6.0.6.Final\hibernate-commons-annotations-6.0.6.Final.jar;C:\Users\Aluno\.m2\repository\io\smallrye\jandex\3.0.5\jandex-3.0.5.jar;C:\Users\Aluno\.m2\repository\com\fasterxml\classmate\1.5.1\classmate-1.5.1.jar;C:\Users\Aluno\.m2\repository\net\bytebuddy\byte-buddy\1.14.9\byte-buddy-1.14.9.jar;C:\Users\Aluno\.m2\repository\org\glassfish\jaxb\jaxb-runtime\4.0.3\jaxb-runtime-4.0.3.jar;C:\Users\Aluno\.m2\repository\org\glassfish\jaxb\jaxb-core\4.0.3\jaxb-core-4.0.3.jar;C:\Users\Aluno\.m2\repositor
Launcher Type: SUN_STANDARD

[Global flags]
     intx CICompilerCount                          = 12                                        {product} {ergonomic}
     uint ConcGCThreads                            = 3                                         {product} {ergonomic}
     uint G1ConcRefinementThreads                  = 13                                        {product} {ergonomic}
   size_t G1HeapRegionSize                         = 2097152                                   {product} {ergonomic}
    uintx GCDrainStackTargetSize                   = 64                                        {product} {ergonomic}
   size_t InitialHeapSize                          = 266338304                                 {product} {ergonomic}
   size_t MarkStackSize                            = 4194304                                   {product} {ergonomic}
   size_t MaxHeapSize                              = 4229955584                                {product} {ergonomic}
   size_t MaxNewSize                               = 2537553920                                {product} {ergonomic}
   size_t MinHeapDeltaBytes                        = 2097152                                   {product} {ergonomic}
   size_t MinHeapSize                              = 8388608                                   {product} {ergonomic}
    uintx NonNMethodCodeHeapSize                   = 7602480                                {pd product} {ergonomic}
    uintx NonProfiledCodeHeapSize                  = 122027880                              {pd product} {ergonomic}
    uintx ProfiledCodeHeapSize                     = 122027880                              {pd product} {ergonomic}
    uintx ReservedCodeCacheSize                    = 251658240                              {pd product} {ergonomic}
     bool SegmentedCodeCache                       = true                                      {product} {ergonomic}
   size_t SoftMaxHeapSize                          = 4229955584                             {manageable} {ergonomic}
     bool UseCompressedClassPointers               = true                           {product lp64_product} {ergonomic}
     bool UseCompressedOops                        = true                           {product lp64_product} {ergonomic}
     bool UseG1GC                                  = true                                      {product} {ergonomic}
     bool UseLargePagesIndividualAllocation        = false                                  {pd product} {ergonomic}

Logging:
Log output configuration:
 #0: stdout all=warning uptime,level,tags
 #1: stderr all=off uptime,level,tags

Environment Variables:
PATH=C:\Program Files\Common Files\Oracle\Java\javapath;C:\Python310\Scripts\;C:\Python310\;C:\Program Files (x86)\Common Files\Oracle\Java\javapath;C:\Program Files (x86)\NVIDIA Corporation\PhysX\Common;C:\Windows\system32;C:\Windows;C:\Windows\System32\Wbem;C:\Windows\System32\WindowsPowerShell\v1.0\;C:\Windows\System32\OpenSSH\;C:\Program Files (x86)\IVI Foundation\VISA\WinNT\Bin;C:\Program Files\Microsoft SQL Server\Client SDK\ODBC\110\Tools\Binn\;C:\Program Files (x86)\Microsoft SQL Server\120\Tools\Binn\;C:\Program Files\Microsoft SQL Server\120\Tools\Binn\;C:\Program Files\Microsoft SQL Server\120\DTS\Binn\;C:\Program Files (x86)\Windows Kits\8.1\Windows Performance Toolkit\;C:\Program Files\Git\cmd;C:\Program Files\nodejs\;C:\ProgramData\chocolatey\bin;;C:\ProgramData\UNIVALI\Portugol Studio;C:\Users\Aluno\AppData\Local\Microsoft\WindowsApps;C:\Users\Aluno\AppData\Roaming\npm;C:\Users\Aluno\AppData\Local\Programs\Microsoft VS Code\bin
USERNAME=Aluno
OS=Windows_NT
PROCESSOR_IDENTIFIER=Intel64 Family 6 Model 165 Stepping 5, GenuineIntel



---------------  S Y S T E M  ---------------

OS:
 Windows 10 , 64 bit Build 19041 (10.0.19041.3155)
OS uptime: 0 days 3:33 hours

CPU: total 16 (initial active 16) (8 cores per cpu, 2 threads per core) family 6 model 165 stepping 5 microcode 0xf4, cx8, cmov, fxsr, ht, mmx, 3dnowpref, sse, sse2, sse3, ssse3, sse4.1, sse4.2, popcnt, lzcnt, tsc, tscinvbit, avx, avx2, aes, erms, clmul, bmi1, bmi2, adx, fma, vzeroupper, clflush, clflushopt

Memory: 4k page, system-wide physical 16130M (5529M free)
TotalPageFile size 46575M (AvailPageFile size 7M)
current process WorkingSet (physical memory assigned to process): 187M, peak: 190M
current process commit charge ("private bytes"): 445M, peak: 448M

vm_info: Java HotSpot(TM) 64-Bit Server VM (17.0.6+9-LTS-190) for windows-amd64 JRE (17.0.6+9-LTS-190), built on Dec  6 2022 15:53:54 by "mach5one" with MS VC++ 17.1 (VS2022)

END.
